<?xml version="1.0" encoding="UTF-8"?>
<!-- Generated by org.testng.reporters.JUnitXMLReporter -->
<testsuite ignored="3" hostname="Asus-VivoBook-ABSK" failures="0" tests="1" name="Test1" time="6.386" errors="0" timestamp="2026-07-10T12:11:14 IST">
  <testcase classname="groceryTestScripts.GroceryLoginTest" name="loginWithValidCredentials" time="2.232"/>
  <testcase classname="groceryTestScripts.GroceryLoginTest" name="loginWithInvalidUsernameValidPassword" time="0.0">
    <ignored/>
  </testcase> <!-- loginWithInvalidUsernameValidPassword -->
  <testcase classname="groceryTestScripts.GroceryLoginTest" name="loginWithInvalidUsernameInvalidPassword" time="0.0">
    <ignored/>
  </testcase> <!-- loginWithInvalidUsernameInvalidPassword -->
  <testcase classname="groceryTestScripts.GroceryLoginTest" name="loginWithValidUsernameInvalidPassword" time="0.0">
    <ignored/>
  </testcase> <!-- loginWithValidUsernameInvalidPassword -->
</testsuite> <!-- Test1 -->
