<?xml version="1.0" encoding="UTF-8"?>
<!-- Generated by org.testng.reporters.JUnitReportReporter -->
<testsuite hostname="Asus-VivoBook-ABSK" failures="0" tests="2" name="groceryTestScripts.GroceryAdminUsersTest" time="13.718" errors="0" timestamp="2026-07-19T14:09:43 IST" skipped="0">
  <testcase classname="groceryTestScripts.GroceryAdminUsersTest" name="verify_Whether_User_Is_Able_To_Add_New_Admin_User" time="7.942"/>
  <testcase classname="groceryTestScripts.GroceryAdminUsersTest" name="verify_Whether_User_Is_Able_To_Search_Newly_Added_User" time="5.776"/>
</testsuite> <!-- groceryTestScripts.GroceryAdminUsersTest -->
