<?xml version="1.0" encoding="UTF-8"?>
<!-- Generated by org.testng.reporters.JUnitReportReporter -->
<testsuite hostname="Asus-VivoBook-ABSK" failures="0" tests="2" name="groceryTestScripts.GroceryLoginTest" time="6.938" errors="0" timestamp="2026-07-14T12:05:50 IST" skipped="0">
  <testcase classname="groceryTestScripts.GroceryLoginTest" name="loginWithInvalidUsernameInvalidPassword" time="4.404"/>
  <testcase classname="groceryTestScripts.GroceryLoginTest" name="loginWithInvalidUsernameInvalidPassword" time="2.534"/>
</testsuite> <!-- groceryTestScripts.GroceryLoginTest -->
