<?xml version="1.0" encoding="UTF-8"?>
<!-- Generated by org.testng.reporters.JUnitXMLReporter -->
<testsuite ignored="3" hostname="Asus-VivoBook-ABSK" failures="0" tests="1" name="firefoxtest" time="208.008" errors="0" timestamp="2026-07-10T11:53:29 IST">
  <testcase classname="groceryTestScripts.GroceryLoginTest" name="loginWithValidCredentials" time="2.123"/>
  <testcase classname="groceryTestScripts.GroceryLoginTest" name="loginWithInvalidUsernameValidPassword" time="0.0">
    <ignored/>
  </testcase> <!-- loginWithInvalidUsernameValidPassword -->
  <testcase classname="groceryTestScripts.GroceryLoginTest" name="loginWithValidUsernameInvalidPassword" time="0.0">
    <ignored/>
  </testcase> <!-- loginWithValidUsernameInvalidPassword -->
  <testcase classname="groceryTestScripts.GroceryLoginTest" name="loginWithInvalidUsernameInvalidPassword" time="0.0">
    <ignored/>
  </testcase> <!-- loginWithInvalidUsernameInvalidPassword -->
</testsuite> <!-- firefoxtest -->
