<?xml version="1.0" encoding="UTF-8"?>
<testng-results ignored="0" total="1" passed="1" failed="0" skipped="0">
  <reporter-output>
  </reporter-output>
  <suite started-at="2026-07-20T01:56:27 IST" name="Suite" finished-at="2026-07-20T01:56:34 IST" duration-ms="7510">
    <groups>
    </groups>
    <test started-at="2026-07-20T01:56:27 IST" name="Test" finished-at="2026-07-20T01:56:34 IST" duration-ms="7510">
      <class name="groceryTestScripts.ManageDeliveryBoyTest">
        <test-method is-config="true" signature="initializeBrowser(java.lang.String)[pri:0, instance:groceryTestScripts.ManageDeliveryBoyTest@14bdbc74]" started-at="2026-07-20T01:56:27 IST" name="initializeBrowser" finished-at="2026-07-20T01:56:30 IST" duration-ms="3654" status="PASS">
          <params>
            <param index="0">
              <value>
                <![CDATA[chrome]]>
              </value>
            </param>
          </params>
          <reporter-output>
          </reporter-output>
        </test-method> <!-- initializeBrowser -->
        <test-method signature="verify_Whether_User_Is_Able_To_Add_New_Delivery_Boy()[pri:0, instance:groceryTestScripts.ManageDeliveryBoyTest@14bdbc74]" started-at="2026-07-20T01:56:30 IST" name="verify_Whether_User_Is_Able_To_Add_New_Delivery_Boy" finished-at="2026-07-20T01:56:34 IST" duration-ms="3807" status="PASS">
          <reporter-output>
          </reporter-output>
        </test-method> <!-- verify_Whether_User_Is_Able_To_Add_New_Delivery_Boy -->
        <test-method is-config="true" signature="closeBrowser(org.testng.ITestResult)[pri:0, instance:groceryTestScripts.ManageDeliveryBoyTest@14bdbc74]" started-at="2026-07-20T01:56:34 IST" name="closeBrowser" finished-at="2026-07-20T01:56:34 IST" duration-ms="2" status="PASS">
          <params>
            <param index="0">
              <value>
                <![CDATA[[TestResult name=verify_Whether_User_Is_Able_To_Add_New_Delivery_Boy status=SUCCESS method=ManageDeliveryBoyTest.verify_Whether_User_Is_Able_To_Add_New_Delivery_Boy()[pri:0, instance:groceryTestScripts.ManageDeliveryBoyTest@14bdbc74] output={null}]]]>
              </value>
            </param>
          </params>
          <reporter-output>
          </reporter-output>
        </test-method> <!-- closeBrowser -->
      </class> <!-- groceryTestScripts.ManageDeliveryBoyTest -->
    </test> <!-- Test -->
  </suite> <!-- Suite -->
</testng-results>
